2022.05.23 17:47:12 INFO  tracing is disabled for protocol LSP, to enable tracing of incoming and outgoing JSON messages create an empty file at /Users/nicholasdrake/Documents/scalawithcats/.metals/lsp.trace.json or /Users/nicholasdrake/Library/Caches/org.scalameta.metals/lsp.trace.json
2022.05.23 17:47:13 INFO  logging to file /Users/nicholasdrake/Documents/scalawithcats/.metals/metals.log
2022.05.23 17:47:13 INFO  Started: Metals version 0.11.5 in workspace '/Users/nicholasdrake/Documents/scalawithcats' for client Visual Studio Code 1.67.1.
2022.05.23 17:47:15 INFO  time: initialize in 1.85s
2022.05.23 17:47:15 WARN  Flyway upgrade recommended: H2 2.1.212 is newer than this version of Flyway and support has not been tested. The latest supported version of H2 is 2.1.210.
2022.05.23 17:47:15 WARN  Build server is not auto-connectable.
2022.05.23 17:47:16 WARN  no build target for: /Users/nicholasdrake/Documents/scalawithcats/src/main/scala/sandbox/Ex1p3.scala
2022.05.23 17:47:19 INFO  no build target found for /Users/nicholasdrake/Documents/scalawithcats/src/main/scala/sandbox/Ex1p3.scala. Using presentation compiler with project's scala-library version: 3.1.2
2022.05.23 17:47:21 INFO  time: code lens generation in 4.14s
2022.05.23 17:47:25 INFO  running '/Users/nicholasdrake/.sdkman/candidates/java/current/bin/java -Djline.terminal=jline.UnsupportedTerminal -Dsbt.log.noformat=true -Dfile.encoding=UTF-8 -jar /var/folders/mv/zs2v14bd54dfgzzf5rms5qqc0000gq/T/metals17687965445896082259/sbt-launch.jar -Dbloop.export-jar-classifiers=sources bloopInstall'
2022.05.23 17:47:25 WARN  no build target for: /Users/nicholasdrake/Documents/scalawithcats/project/metals.sbt
2022.05.23 17:47:25 WARN  no build target for: /Users/nicholasdrake/Documents/scalawithcats/project/project/metals.sbt
2022.05.23 17:47:25 INFO  skipping build import with status 'Started'
2022.05.23 17:47:27 ERROR WARNING: A terminally deprecated method in java.lang.System has been called
2022.05.23 17:47:27 ERROR WARNING: System::setSecurityManager has been called by sbt.TrapExit$ (file:/Users/nicholasdrake/.sbt/boot/scala-2.12.10/org.scala-sbt/sbt/1.3.10/run_2.12-1.3.10.jar)
2022.05.23 17:47:27 ERROR WARNING: Please consider reporting this to the maintainers of sbt.TrapExit$
2022.05.23 17:47:27 ERROR WARNING: System::setSecurityManager will be removed in a future release
2022.05.23 17:47:29 INFO  [info] Loading global plugins from /Users/nicholasdrake/.sbt/1.0/plugins
2022.05.23 17:47:32 INFO  [info] Loading settings for project scalawithcats-build-build-build from metals.sbt ...
2022.05.23 17:47:32 INFO  [info] Loading project definition from /Users/nicholasdrake/Documents/scalawithcats/project/project/project
2022.05.23 17:47:35 INFO  [warn] There may be incompatibilities among your library dependencies; run 'evicted' to see detailed eviction warnings.
2022.05.23 17:47:35 INFO  [info] Loading settings for project scalawithcats-build-build from metals.sbt ...
2022.05.23 17:47:36 INFO  [info] Loading project definition from /Users/nicholasdrake/Documents/scalawithcats/project/project
2022.05.23 17:47:36 INFO  [warn] There may be incompatibilities among your library dependencies; run 'evicted' to see detailed eviction warnings.
2022.05.23 17:47:39 INFO  [warn] There may be incompatibilities among your library dependencies; run 'evicted' to see detailed eviction warnings.
2022.05.23 17:47:39 INFO  [success] Generated .bloop/scalawithcats-build-build.json
2022.05.23 17:47:39 INFO  [success] Total time: 3 s, completed 23 May 2022, 17:47:39
2022.05.23 17:47:40 INFO  [info] Loading settings for project scalawithcats-build from plugins.sbt,metals.sbt ...
2022.05.23 17:47:40 INFO  [info] Loading project definition from /Users/nicholasdrake/Documents/scalawithcats/project
2022.05.23 17:47:40 INFO  [warn] There may be incompatibilities among your library dependencies; run 'evicted' to see detailed eviction warnings.
2022.05.23 17:47:41 INFO  [warn] There may be incompatibilities among your library dependencies; run 'evicted' to see detailed eviction warnings.
2022.05.23 17:47:41 INFO  [success] Generated .bloop/scalawithcats-build.json
2022.05.23 17:47:41 INFO  [success] Total time: 1 s, completed 23 May 2022, 17:47:41
2022.05.23 17:47:44 INFO  [info] Loading settings for project scalawithcats from build.sbt ...
2022.05.23 17:47:44 INFO  [info] Set current project to scalawithcats (in build file:/Users/nicholasdrake/Documents/scalawithcats/)
2022.05.23 17:47:44 INFO  [success] Generated .bloop/scalawithcats.json
2022.05.23 17:47:44 INFO  [success] Generated .bloop/scalawithcats-test.json
2022.05.23 17:47:45 INFO  [success] Total time: 0 s, completed 23 May 2022, 17:47:45
2022.05.23 17:47:45 INFO  time: ran 'sbt bloopInstall' in 19s
2022.05.23 17:47:45 INFO  Attempting to connect to the build server...
2022.05.23 17:47:55 INFO  tracing is disabled for protocol BSP, to enable tracing of incoming and outgoing JSON messages create an empty file at /Users/nicholasdrake/Documents/scalawithcats/.metals/bsp.trace.json or /Users/nicholasdrake/Library/Caches/org.scalameta.metals/bsp.trace.json
2022.05.23 17:48:00 INFO  Attempting to connect to the build server...
2022.05.23 17:48:00 INFO  Attempting to connect to the build server...
2022.05.23 17:48:00 INFO  tracing is disabled for protocol BSP, to enable tracing of incoming and outgoing JSON messages create an empty file at /Users/nicholasdrake/Documents/scalawithcats/project/project/.metals/bsp.trace.json or /Users/nicholasdrake/Library/Caches/org.scalameta.metals/bsp.trace.json
2022.05.23 17:48:00 INFO  tracing is disabled for protocol BSP, to enable tracing of incoming and outgoing JSON messages create an empty file at /Users/nicholasdrake/Documents/scalawithcats/project/.metals/bsp.trace.json or /Users/nicholasdrake/Library/Caches/org.scalameta.metals/bsp.trace.json
2022.05.23 17:48:03 INFO  time: Connected to build server in 18s
2022.05.23 17:48:03 INFO  Connected to Build server: Bloop v1.5.0
2022.05.23 17:48:03 INFO  time: Imported build in 0.14s
2022.05.23 17:48:13 INFO  time: indexed workspace in 9.65s
2022.05.23 18:28:49 INFO  shutting down Metals
2022.05.23 18:28:49 INFO  Shut down connection with build server.
2022.05.23 18:28:49 INFO  Shut down connection with build server.
2022.05.23 18:28:49 INFO  Shut down connection with build server.
2022.05.24 08:49:58 INFO  tracing is disabled for protocol LSP, to enable tracing of incoming and outgoing JSON messages create an empty file at /Users/nicholasdrake/Documents/scalawithcats/.metals/lsp.trace.json or /Users/nicholasdrake/Library/Caches/org.scalameta.metals/lsp.trace.json
2022.05.24 08:50:01 INFO  logging to file /Users/nicholasdrake/Documents/scalawithcats/.metals/metals.log
2022.05.24 08:50:01 INFO  Started: Metals version 0.11.5 in workspace '/Users/nicholasdrake/Documents/scalawithcats' for client Visual Studio Code 1.67.1.
2022.05.24 08:50:14 INFO  time: initialize in 13s
2022.05.24 08:50:16 WARN  Flyway upgrade recommended: H2 2.1.212 is newer than this version of Flyway and support has not been tested. The latest supported version of H2 is 2.1.210.
2022.05.24 08:50:17 INFO  Attempting to connect to the build server...
2022.05.24 08:50:17 INFO  skipping build import with status 'Installed'
2022.05.24 08:50:25 INFO  tracing is disabled for protocol BSP, to enable tracing of incoming and outgoing JSON messages create an empty file at /Users/nicholasdrake/Documents/scalawithcats/.metals/bsp.trace.json or /Users/nicholasdrake/Library/Caches/org.scalameta.metals/bsp.trace.json
2022.05.24 08:50:25 INFO  Attempting to connect to the build server...
2022.05.24 08:50:25 INFO  Attempting to connect to the build server...
2022.05.24 08:50:25 INFO  tracing is disabled for protocol BSP, to enable tracing of incoming and outgoing JSON messages create an empty file at /Users/nicholasdrake/Documents/scalawithcats/project/project/.metals/bsp.trace.json or /Users/nicholasdrake/Library/Caches/org.scalameta.metals/bsp.trace.json
2022.05.24 08:50:26 INFO  tracing is disabled for protocol BSP, to enable tracing of incoming and outgoing JSON messages create an empty file at /Users/nicholasdrake/Documents/scalawithcats/project/.metals/bsp.trace.json or /Users/nicholasdrake/Library/Caches/org.scalameta.metals/bsp.trace.json
2022.05.24 08:50:26 INFO  time: Connected to build server in 9.39s
2022.05.24 08:50:26 INFO  Connected to Build server: Bloop v1.5.0
2022.05.24 08:50:35 INFO  no build target found for /Users/nicholasdrake/Documents/scalawithcats/src/main/scala/sandbox/Ex1p3.scala. Using presentation compiler with project's scala-library version: 3.1.2
2022.05.24 08:50:35 INFO  time: code lens generation in 11s
2022.05.24 08:50:35 INFO  time: Imported build in 0.17s
2022.05.24 08:50:42 INFO  time: indexed workspace in 5.59s
2022.05.24 08:50:43 INFO  compiling scalawithcats (3 scala sources)
2022.05.24 08:51:06 INFO  time: compiled scalawithcats in 23s
2022.05.24 08:51:06 INFO  compiling scalawithcats (3 scala sources)
2022.05.24 08:51:06 INFO  time: compiled scalawithcats in 0.39s
2022.05.24 18:31:49 INFO  shutting down Metals
2022.05.24 18:31:49 INFO  Shut down connection with build server.
2022.05.24 18:31:49 INFO  Shut down connection with build server.
2022.05.24 18:31:49 INFO  Shut down connection with build server.
2022.05.25 09:58:31 INFO  tracing is disabled for protocol LSP, to enable tracing of incoming and outgoing JSON messages create an empty file at /Users/nicholasdrake/Documents/scalawithcats/.metals/lsp.trace.json or /Users/nicholasdrake/Library/Caches/org.scalameta.metals/lsp.trace.json
2022.05.25 09:58:34 INFO  logging to file /Users/nicholasdrake/Documents/scalawithcats/.metals/metals.log
2022.05.25 09:58:34 INFO  Started: Metals version 0.11.5 in workspace '/Users/nicholasdrake/Documents/scalawithcats' for client Visual Studio Code 1.67.1.
2022.05.25 09:58:36 INFO  time: initialize in 2.93s
2022.05.25 09:58:38 WARN  Flyway upgrade recommended: H2 2.1.212 is newer than this version of Flyway and support has not been tested. The latest supported version of H2 is 2.1.210.
2022.05.25 09:58:39 INFO  Attempting to connect to the build server...
2022.05.25 09:58:39 INFO  skipping build import with status 'Installed'
2022.05.25 09:58:46 INFO  tracing is disabled for protocol BSP, to enable tracing of incoming and outgoing JSON messages create an empty file at /Users/nicholasdrake/Documents/scalawithcats/.metals/bsp.trace.json or /Users/nicholasdrake/Library/Caches/org.scalameta.metals/bsp.trace.json
2022.05.25 09:58:47 INFO  no build target found for /Users/nicholasdrake/Documents/scalawithcats/src/main/scala/sandbox/Ex1p3.scala. Using presentation compiler with project's scala-library version: 3.1.2
2022.05.25 09:58:46 INFO  Attempting to connect to the build server...
2022.05.25 09:58:46 INFO  Attempting to connect to the build server...
2022.05.25 09:58:47 INFO  tracing is disabled for protocol BSP, to enable tracing of incoming and outgoing JSON messages create an empty file at /Users/nicholasdrake/Documents/scalawithcats/project/project/.metals/bsp.trace.json or /Users/nicholasdrake/Library/Caches/org.scalameta.metals/bsp.trace.json
2022.05.25 09:58:47 INFO  tracing is disabled for protocol BSP, to enable tracing of incoming and outgoing JSON messages create an empty file at /Users/nicholasdrake/Documents/scalawithcats/project/.metals/bsp.trace.json or /Users/nicholasdrake/Library/Caches/org.scalameta.metals/bsp.trace.json
2022.05.25 09:58:47 INFO  time: Connected to build server in 8.52s
2022.05.25 09:58:47 INFO  Connected to Build server: Bloop v1.5.0
2022.05.25 09:58:47 INFO  time: Imported build in 0.18s
2022.05.25 09:58:52 INFO  time: code lens generation in 12s
2022.05.25 09:58:56 INFO  time: indexed workspace in 8.96s
2022.05.25 09:58:57 INFO  compiling scalawithcats (3 scala sources)
2022.05.25 09:59:16 INFO  time: compiled scalawithcats in 18s
2022.05.25 09:59:16 INFO  compiling scalawithcats (3 scala sources)
2022.05.25 09:59:16 INFO  time: compiled scalawithcats in 0.39s
2022.05.25 16:43:01 INFO  shutting down Metals
2022.05.25 16:43:01 INFO  Shut down connection with build server.
2022.05.25 16:43:01 INFO  Shut down connection with build server.
2022.05.25 16:43:01 INFO  Shut down connection with build server.
2022.05.25 17:03:10 INFO  tracing is disabled for protocol LSP, to enable tracing of incoming and outgoing JSON messages create an empty file at /Users/nicholasdrake/Documents/scalawithcats/.metals/lsp.trace.json or /Users/nicholasdrake/Library/Caches/org.scalameta.metals/lsp.trace.json
2022.05.25 17:03:12 INFO  logging to file /Users/nicholasdrake/Documents/scalawithcats/.metals/metals.log
2022.05.25 17:03:12 INFO  Started: Metals version 0.11.5 in workspace '/Users/nicholasdrake/Documents/scalawithcats' for client Visual Studio Code 1.67.1.
2022.05.25 17:03:18 INFO  time: initialize in 6.12s
2022.05.25 17:03:18 WARN  Flyway upgrade recommended: H2 2.1.212 is newer than this version of Flyway and support has not been tested. The latest supported version of H2 is 2.1.210.
2022.05.25 17:03:19 INFO  Attempting to connect to the build server...
2022.05.25 17:03:19 INFO  skipping build import with status 'Installed'
2022.05.25 17:03:20 INFO  tracing is disabled for protocol BSP, to enable tracing of incoming and outgoing JSON messages create an empty file at /Users/nicholasdrake/Documents/scalawithcats/.metals/bsp.trace.json or /Users/nicholasdrake/Library/Caches/org.scalameta.metals/bsp.trace.json
2022.05.25 17:03:20 INFO  Attempting to connect to the build server...
2022.05.25 17:03:20 INFO  Attempting to connect to the build server...
2022.05.25 17:03:20 INFO  tracing is disabled for protocol BSP, to enable tracing of incoming and outgoing JSON messages create an empty file at /Users/nicholasdrake/Documents/scalawithcats/project/project/.metals/bsp.trace.json or /Users/nicholasdrake/Library/Caches/org.scalameta.metals/bsp.trace.json
2022.05.25 17:03:20 INFO  tracing is disabled for protocol BSP, to enable tracing of incoming and outgoing JSON messages create an empty file at /Users/nicholasdrake/Documents/scalawithcats/project/.metals/bsp.trace.json or /Users/nicholasdrake/Library/Caches/org.scalameta.metals/bsp.trace.json
2022.05.25 17:03:20 INFO  time: Connected to build server in 0.55s
2022.05.25 17:03:20 INFO  Connected to Build server: Bloop v1.5.0
2022.05.25 17:03:31 INFO  time: indexed workspace in 11s
2022.05.25 17:03:31 INFO  compiling scalawithcats (3 scala sources)
2022.05.25 17:03:39 INFO  time: compiled scalawithcats in 8.15s
2022.05.25 17:03:39 INFO  compiling scalawithcats (3 scala sources)
2022.05.25 17:03:41 INFO  time: compiled scalawithcats in 1.61s
2022.05.25 17:24:21 INFO  compiling scalawithcats (3 scala sources)
2022.05.25 17:24:24 INFO  time: compiled scalawithcats in 2.99s
2022.05.25 17:24:24 INFO  compiling scalawithcats (1 scala source)
2022.05.25 17:24:24 INFO  time: compiled scalawithcats in 0.35s
2022.05.25 17:28:31 INFO  compiling scalawithcats (1 scala source)
2022.05.25 17:28:31 INFO  time: compiled scalawithcats in 0.15s
2022.05.25 17:28:50 INFO  compiling scalawithcats (3 scala sources)
2022.05.25 17:28:52 INFO  time: compiled scalawithcats in 2.67s
2022.05.25 17:56:05 INFO  compiling scalawithcats (1 scala source)
2022.05.25 17:56:05 INFO  time: compiled scalawithcats in 0.2s
2022.05.25 18:11:40 INFO  shutting down Metals
2022.05.25 18:11:40 INFO  Shut down connection with build server.
2022.05.25 18:11:40 INFO  Shut down connection with build server.
2022.05.25 18:11:40 INFO  Shut down connection with build server.
2022.05.26 09:42:27 INFO  tracing is disabled for protocol LSP, to enable tracing of incoming and outgoing JSON messages create an empty file at /Users/nicholasdrake/Documents/scalawithcats/.metals/lsp.trace.json or /Users/nicholasdrake/Library/Caches/org.scalameta.metals/lsp.trace.json
2022.05.26 09:42:29 INFO  logging to file /Users/nicholasdrake/Documents/scalawithcats/.metals/metals.log
2022.05.26 09:42:29 INFO  Started: Metals version 0.11.5 in workspace '/Users/nicholasdrake/Documents/scalawithcats' for client Visual Studio Code 1.67.1.
2022.05.26 09:42:34 INFO  time: initialize in 4.35s
2022.05.26 09:42:36 WARN  Flyway upgrade recommended: H2 2.1.212 is newer than this version of Flyway and support has not been tested. The latest supported version of H2 is 2.1.210.
2022.05.26 09:42:37 INFO  Attempting to connect to the build server...
2022.05.26 09:42:37 INFO  skipping build import with status 'Installed'
2022.05.26 09:42:46 INFO  no build target found for /Users/nicholasdrake/Documents/scalawithcats/src/main/scala/sandbox/Ex1p3.scala. Using presentation compiler with project's scala-library version: 3.1.2
2022.05.26 09:42:48 INFO  tracing is disabled for protocol BSP, to enable tracing of incoming and outgoing JSON messages create an empty file at /Users/nicholasdrake/Documents/scalawithcats/.metals/bsp.trace.json or /Users/nicholasdrake/Library/Caches/org.scalameta.metals/bsp.trace.json
2022.05.26 09:42:48 INFO  Attempting to connect to the build server...
2022.05.26 09:42:48 INFO  Attempting to connect to the build server...
2022.05.26 09:42:48 INFO  tracing is disabled for protocol BSP, to enable tracing of incoming and outgoing JSON messages create an empty file at /Users/nicholasdrake/Documents/scalawithcats/project/project/.metals/bsp.trace.json or /Users/nicholasdrake/Library/Caches/org.scalameta.metals/bsp.trace.json
2022.05.26 09:42:49 INFO  tracing is disabled for protocol BSP, to enable tracing of incoming and outgoing JSON messages create an empty file at /Users/nicholasdrake/Documents/scalawithcats/project/.metals/bsp.trace.json or /Users/nicholasdrake/Library/Caches/org.scalameta.metals/bsp.trace.json
2022.05.26 09:42:49 INFO  time: Connected to build server in 12s
2022.05.26 09:42:49 INFO  Connected to Build server: Bloop v1.5.0
2022.05.26 09:42:49 INFO  time: Imported build in 0.16s
2022.05.26 09:42:53 INFO  time: code lens generation in 14s
2022.05.26 09:42:56 INFO  time: indexed workspace in 7.14s
2022.05.26 18:10:38 INFO  shutting down Metals
2022.05.26 18:10:38 INFO  Shut down connection with build server.
2022.05.26 18:10:38 INFO  Shut down connection with build server.
2022.05.26 18:10:38 INFO  Shut down connection with build server.
2022.05.27 10:03:50 INFO  tracing is disabled for protocol LSP, to enable tracing of incoming and outgoing JSON messages create an empty file at /Users/nicholasdrake/Documents/scalawithcats/.metals/lsp.trace.json or /Users/nicholasdrake/Library/Caches/org.scalameta.metals/lsp.trace.json
2022.05.27 10:03:51 INFO  logging to file /Users/nicholasdrake/Documents/scalawithcats/.metals/metals.log
2022.05.27 10:03:51 INFO  Started: Metals version 0.11.5 in workspace '/Users/nicholasdrake/Documents/scalawithcats' for client Visual Studio Code 1.67.1.
2022.05.27 10:03:57 INFO  time: initialize in 5.21s
2022.05.27 10:03:57 WARN  Flyway upgrade recommended: H2 2.1.212 is newer than this version of Flyway and support has not been tested. The latest supported version of H2 is 2.1.210.
2022.05.27 10:03:58 INFO  Attempting to connect to the build server...
2022.05.27 10:03:58 INFO  skipping build import with status 'Installed'
2022.05.27 10:04:03 INFO  tracing is disabled for protocol BSP, to enable tracing of incoming and outgoing JSON messages create an empty file at /Users/nicholasdrake/Documents/scalawithcats/.metals/bsp.trace.json or /Users/nicholasdrake/Library/Caches/org.scalameta.metals/bsp.trace.json
2022.05.27 10:04:03 INFO  Attempting to connect to the build server...
2022.05.27 10:04:03 INFO  Attempting to connect to the build server...
2022.05.27 10:04:03 INFO  tracing is disabled for protocol BSP, to enable tracing of incoming and outgoing JSON messages create an empty file at /Users/nicholasdrake/Documents/scalawithcats/project/project/.metals/bsp.trace.json or /Users/nicholasdrake/Library/Caches/org.scalameta.metals/bsp.trace.json
2022.05.27 10:04:03 INFO  tracing is disabled for protocol BSP, to enable tracing of incoming and outgoing JSON messages create an empty file at /Users/nicholasdrake/Documents/scalawithcats/project/.metals/bsp.trace.json or /Users/nicholasdrake/Library/Caches/org.scalameta.metals/bsp.trace.json
2022.05.27 10:04:03 INFO  time: Connected to build server in 5.87s
2022.05.27 10:04:03 INFO  Connected to Build server: Bloop v1.5.0
2022.05.27 10:04:07 INFO  no build target found for /Users/nicholasdrake/Documents/scalawithcats/src/main/scala/sandbox/Ex1p3.scala. Using presentation compiler with project's scala-library version: 3.1.2
2022.05.27 10:04:08 INFO  time: Imported build in 0.15s
2022.05.27 10:04:07 INFO  time: code lens generation in 6.67s
2022.05.27 10:04:13 INFO  time: indexed workspace in 5.62s
2022.05.27 14:32:11 INFO  compiling scalawithcats (1 scala source)
2022.05.27 14:32:14 INFO  time: compiled scalawithcats in 3.46s
May 27, 2022 3:01:18 PM org.eclipse.lsp4j.jsonrpc.services.GenericEndpoint notify
INFO: Unsupported notification method: $/setTrace
2022.05.27 18:23:01 INFO  shutting down Metals
2022.05.27 18:23:01 INFO  Shut down connection with build server.
2022.05.27 18:23:01 INFO  Shut down connection with build server.
2022.05.27 18:23:01 INFO  Shut down connection with build server.
2022.06.13 10:00:25 INFO  tracing is disabled for protocol LSP, to enable tracing of incoming and outgoing JSON messages create an empty file at /Users/nicholasdrake/Documents/scalawithcats/.metals/lsp.trace.json or /Users/nicholasdrake/Library/Caches/org.scalameta.metals/lsp.trace.json
2022.06.13 10:00:26 INFO  logging to file /Users/nicholasdrake/Documents/scalawithcats/.metals/metals.log
2022.06.13 10:00:26 INFO  Started: Metals version 0.11.5 in workspace '/Users/nicholasdrake/Documents/scalawithcats' for client Visual Studio Code 1.67.1.
2022.06.13 10:00:27 INFO  time: initialize in 1.64s
2022.06.13 10:00:27 WARN  Flyway upgrade recommended: H2 2.1.212 is newer than this version of Flyway and support has not been tested. The latest supported version of H2 is 2.1.210.
2022.06.13 10:00:28 INFO  Attempting to connect to the build server...
2022.06.13 10:00:28 INFO  skipping build import with status 'Installed'
2022.06.13 10:00:32 INFO  no build target found for /Users/nicholasdrake/Documents/scalawithcats/src/main/scala/sandbox/Main.scala. Using presentation compiler with project's scala-library version: 3.1.2
2022.06.13 10:00:35 INFO  time: code lens generation in 6.22s
2022.06.13 10:00:35 INFO  tracing is disabled for protocol BSP, to enable tracing of incoming and outgoing JSON messages create an empty file at /Users/nicholasdrake/Documents/scalawithcats/.metals/bsp.trace.json or /Users/nicholasdrake/Library/Caches/org.scalameta.metals/bsp.trace.json
2022.06.13 10:00:35 INFO  Attempting to connect to the build server...
2022.06.13 10:00:35 INFO  Attempting to connect to the build server...
2022.06.13 10:00:35 INFO  tracing is disabled for protocol BSP, to enable tracing of incoming and outgoing JSON messages create an empty file at /Users/nicholasdrake/Documents/scalawithcats/project/.metals/bsp.trace.json or /Users/nicholasdrake/Library/Caches/org.scalameta.metals/bsp.trace.json
2022.06.13 10:00:36 INFO  tracing is disabled for protocol BSP, to enable tracing of incoming and outgoing JSON messages create an empty file at /Users/nicholasdrake/Documents/scalawithcats/project/project/.metals/bsp.trace.json or /Users/nicholasdrake/Library/Caches/org.scalameta.metals/bsp.trace.json
2022.06.13 10:00:36 INFO  time: Connected to build server in 7.35s
2022.06.13 10:00:36 INFO  Connected to Build server: Bloop v1.5.0
2022.06.13 10:00:36 INFO  time: Imported build in 0.15s
2022.06.13 10:00:38 INFO  time: indexed workspace in 2.02s
2022.06.13 10:02:38 INFO  shutting down Metals
2022.06.13 10:02:38 INFO  Shut down connection with build server.
2022.06.13 10:02:38 INFO  Shut down connection with build server.
2022.06.13 10:02:38 INFO  Shut down connection with build server.
